<?xml version="1.0" encoding="UTF-8"?>
<testsuite name="ClassesTests" tests="13" skipped="0" failures="0" errors="0" timestamp="2023-09-17T08:54:00" hostname="KAD-HP" time="32.345">
  <properties/>
  <testcase name="GenerateCastleMovesTest()" classname="ClassesTests" time="0.067"/>
  <testcase name="PieceNameTest()" classname="ClassesTests" time="0.005"/>
  <testcase name="IsColourTest()" classname="ClassesTests" time="0.002"/>
  <testcase name="GenerateSlidingMovesTest()" classname="ClassesTests" time="0.004"/>
  <testcase name="GenerateKingMovesTest()" classname="ClassesTests" time="0.002"/>
  <testcase name="MoveGenerationTest1()" classname="ClassesTests" time="30.979"/>
  <testcase name="MoveGenerationTest2()" classname="ClassesTests" time="0.268"/>
  <testcase name="MoveGenerationTest3()" classname="ClassesTests" time="0.993"/>
  <testcase name="PieceTypeTest()" classname="ClassesTests" time="0.001"/>
  <testcase name="GenerateKnightMovesTest()" classname="ClassesTests" time="0.001"/>
  <testcase name="GeneratePawnMovesTest()" classname="ClassesTests" time="0.001"/>
  <testcase name="PosFromIndexTest()" classname="ClassesTests" time="0.002"/>
  <testcase name="PieceCheckerTest()" classname="ClassesTests" time="0.0"/>
  <system-out><![CDATA[]]></system-out>
  <system-err><![CDATA[]]></system-err>
</testsuite>
