<?xml version="1.0" encoding="UTF-8"?>
<testsuite name="MoveGeneratorClassTest" tests="8" skipped="0" failures="0" errors="0" timestamp="2023-09-19T05:42:58" hostname="KAD-HP" time="32.422">
  <properties/>
  <testcase name="GenerateCastleMovesTest()" classname="MoveGeneratorClassTest" time="0.008"/>
  <testcase name="GenerateSlidingMovesTest()" classname="MoveGeneratorClassTest" time="0.002"/>
  <testcase name="GenerateKingMovesTest()" classname="MoveGeneratorClassTest" time="0.001"/>
  <testcase name="MoveGenerationTest1()" classname="MoveGeneratorClassTest" time="31.117"/>
  <testcase name="MoveGenerationTest2()" classname="MoveGeneratorClassTest" time="0.281"/>
  <testcase name="MoveGenerationTest3()" classname="MoveGeneratorClassTest" time="1.0"/>
  <testcase name="GenerateKnightMovesTest()" classname="MoveGeneratorClassTest" time="0.002"/>
  <testcase name="GeneratePawnMovesTest()" classname="MoveGeneratorClassTest" time="0.003"/>
  <system-out><![CDATA[]]></system-out>
  <system-err><![CDATA[]]></system-err>
</testsuite>
