<?xml version="1.0" encoding="UTF-8"?>
<testsuite name="MoveGeneratorClassTest" tests="1" skipped="0" failures="0" errors="0" timestamp="2023-10-01T09:01:42" hostname="KAD-HP" time="0.355">
  <properties/>
  <testcase name="MoveGenerationTest2()" classname="MoveGeneratorClassTest" time="0.355"/>
  <system-out><![CDATA[]]></system-out>
  <system-err><![CDATA[]]></system-err>
</testsuite>
