<?xml version="1.0" encoding="UTF-8"?>
<testsuite name="PieceClassTest" tests="1" skipped="0" failures="0" errors="0" timestamp="2023-10-22T09:11:11" hostname="KAD-HP" time="0.054">
  <properties/>
  <testcase name="PieceNameTest()" classname="PieceClassTest" time="0.054"/>
  <system-out><![CDATA[]]></system-out>
  <system-err><![CDATA[]]></system-err>
</testsuite>
