<?xml version="1.0" encoding="UTF-8"?>
<testsuite name="ClassesTests" tests="1" skipped="0" failures="0" errors="0" timestamp="2023-09-10T10:05:19" hostname="KAD-HP" time="0.043">
  <properties/>
  <testcase name="GeneratePawnMovesTest()" classname="ClassesTests" time="0.043"/>
  <system-out><![CDATA[]]></system-out>
  <system-err><![CDATA[]]></system-err>
</testsuite>
