<?xml version="1.0" encoding="UTF-8"?>
<testsuite name="BoardClassTest" tests="1" skipped="0" failures="0" errors="0" timestamp="2023-09-20T10:31:24" hostname="KAD-HP" time="0.371">
  <properties/>
  <testcase name="IsSquareAttackedByPawnTest()" classname="BoardClassTest" time="0.371"/>
  <system-out><![CDATA[]]></system-out>
  <system-err><![CDATA[]]></system-err>
</testsuite>
