<?xml version="1.0" encoding="UTF-8"?>
<testsuite name="BoardClassTest" tests="12" skipped="0" failures="0" errors="0" timestamp="2023-09-18T06:01:17" hostname="KAD-HP" time="0.085">
  <properties/>
  <testcase name="IsSquareAttackedByQueen()" classname="BoardClassTest" time="0.046"/>
  <testcase name="WhereIsSquareAttackedByPawnTest()" classname="BoardClassTest" time="0.004"/>
  <testcase name="WhereIsSquareAttackedByQueen()" classname="BoardClassTest" time="0.002"/>
  <testcase name="WhereIsSquareAttackedByKing()" classname="BoardClassTest" time="0.002"/>
  <testcase name="WhereIsSquareAttackedByRook()" classname="BoardClassTest" time="0.001"/>
  <testcase name="IsSquareAttackedByBishop()" classname="BoardClassTest" time="0.001"/>
  <testcase name="IsSquareAttackedByKnight()" classname="BoardClassTest" time="0.006"/>
  <testcase name="IsSquareAttackedByKing()" classname="BoardClassTest" time="0.002"/>
  <testcase name="IsSquareAttackedByRook()" classname="BoardClassTest" time="0.001"/>
  <testcase name="IsSquareAttackedByPawnTest()" classname="BoardClassTest" time="0.002"/>
  <testcase name="WhereIsSquareAttackedByBishop()" classname="BoardClassTest" time="0.001"/>
  <testcase name="WhereIsSquareAttackedByKnight()" classname="BoardClassTest" time="0.001"/>
  <system-out><![CDATA[]]></system-out>
  <system-err><![CDATA[]]></system-err>
</testsuite>
