<?xml version="1.0" encoding="UTF-8"?>
<testsuite name="PieceClassTest" tests="5" skipped="0" failures="0" errors="0" timestamp="2023-09-19T05:43:31" hostname="KAD-HP" time="0.011">
  <properties/>
  <testcase name="PieceNameTest()" classname="PieceClassTest" time="0.003"/>
  <testcase name="IsColourTest()" classname="PieceClassTest" time="0.001"/>
  <testcase name="PieceTypeTest()" classname="PieceClassTest" time="0.001"/>
  <testcase name="PosFromIndexTest()" classname="PieceClassTest" time="0.0"/>
  <testcase name="PieceCheckerTest()" classname="PieceClassTest" time="0.001"/>
  <system-out><![CDATA[]]></system-out>
  <system-err><![CDATA[]]></system-err>
</testsuite>
