<?xml version="1.0" encoding="UTF-8"?>
<testsuite name="MoveGeneratorClassTest" tests="8" skipped="0" failures="0" errors="0" timestamp="2023-10-01T09:06:01" hostname="KAD-HP" time="24.781">
  <properties/>
  <testcase name="GenerateCastleMovesTest()" classname="MoveGeneratorClassTest" time="0.005"/>
  <testcase name="GenerateSlidingMovesTest()" classname="MoveGeneratorClassTest" time="0.003"/>
  <testcase name="GenerateKingMovesTest()" classname="MoveGeneratorClassTest" time="0.001"/>
  <testcase name="MoveGenerationTest1()" classname="MoveGeneratorClassTest" time="23.993"/>
  <testcase name="MoveGenerationTest2()" classname="MoveGeneratorClassTest" time="0.161"/>
  <testcase name="MoveGenerationTest3()" classname="MoveGeneratorClassTest" time="0.609"/>
  <testcase name="GenerateKnightMovesTest()" classname="MoveGeneratorClassTest" time="0.001"/>
  <testcase name="GeneratePawnMovesTest()" classname="MoveGeneratorClassTest" time="0.001"/>
  <system-out><![CDATA[]]></system-out>
  <system-err><![CDATA[]]></system-err>
</testsuite>
